<?xml version="1.0" encoding="UTF-8"?>
<testng-results ignored="0" total="1" passed="1" failed="0" skipped="0">
  <reporter-output>
  </reporter-output>
  <suite started-at="2023-04-24T21:05:33 IST" name="Default suite" finished-at="2023-04-24T21:05:42 IST" duration-ms="9676">
    <groups>
    </groups>
    <test started-at="2023-04-24T21:05:33 IST" name="Default test" finished-at="2023-04-24T21:05:42 IST" duration-ms="9676">
      <class name="tests.MyTest">
        <test-method is-config="true" signature="setUp()[pri:0, instance:tests.MyTest@192d43ce]" started-at="2023-04-24T21:05:33 IST" name="setUp" finished-at="2023-04-24T21:05:35 IST" duration-ms="2887" status="PASS">
          <reporter-output>
          </reporter-output>
        </test-method> <!-- setUp -->
        <test-method signature="navigationTest()[pri:0, instance:tests.MyTest@192d43ce]" started-at="2023-04-24T21:05:35 IST" name="navigationTest" finished-at="2023-04-24T21:05:42 IST" duration-ms="6501" status="PASS">
          <reporter-output>
          </reporter-output>
        </test-method> <!-- navigationTest -->
        <test-method is-config="true" signature="tearDown()[pri:0, instance:tests.MyTest@192d43ce]" started-at="2023-04-24T21:05:42 IST" name="tearDown" finished-at="2023-04-24T21:05:42 IST" duration-ms="222" status="PASS">
          <reporter-output>
          </reporter-output>
        </test-method> <!-- tearDown -->
      </class> <!-- tests.MyTest -->
    </test> <!-- Default test -->
  </suite> <!-- Default suite -->
</testng-results>
